<?xml version="1.0" encoding="UTF-8"?>
<robot generator="Robot 7.2.2 (Python 3.11.2 on linux)" generated="2025-03-26T11:40:05.087120" rpa="false" schemaversion="5">
<suite id="s1" name="Test Temp" source="/home/achour/Documents/robotframework-ci-cd/tests/test_temp.robot">
<test id="s1-t1" name="Case 1" line="15">
<kw name="Open Browser" owner="SeleniumLibrary" type="SETUP">
<msg time="2025-03-26T11:40:06.394720" level="INFO">Opening browser 'chrome' to base url 'https://www.saucedemo.com/' through remote server at 'http://192.168.1.28:4444/wd/hub'.</msg>
<arg>${url}</arg>
<arg>${browser}</arg>
<arg>remote_url=http://192.168.1.28:4444/wd/hub</arg>
<doc>Opens a new browser instance to the optional ``url``.</doc>
<status status="PASS" start="2025-03-26T11:40:06.391227" elapsed="3.808321"/>
</kw>
<kw name="affichage">
<kw name="Login Avec Username Et Password" owner="test_temp">
<kw name="Saisir Username" owner="LoginPage">
<kw name="Input Text" owner="SeleniumLibrary">
<msg time="2025-03-26T11:40:10.224428" level="INFO">Typing text 'standard_user' into text field 'id:user-name'.</msg>
<arg>${usernameElement}</arg>
<arg>${username}</arg>
<doc>Types the given ``text`` into the text field identified by ``locator``.</doc>
<status status="PASS" start="2025-03-26T11:40:10.220403" elapsed="1.122788"/>
</kw>
<arg>${username}</arg>
<status status="PASS" start="2025-03-26T11:40:10.217283" elapsed="1.126924"/>
</kw>
<kw name="Saisir Password" owner="LoginPage">
<kw name="Input Password" owner="SeleniumLibrary">
<msg time="2025-03-26T11:40:11.350884" level="INFO">Typing password into text field 'id:password'.</msg>
<msg time="2025-03-26T11:40:11.617428" level="INFO">Temporally setting log level to: NONE</msg>
<arg>${passwordElement}</arg>
<arg>${password}</arg>
<doc>Types the given password into the text field identified by ``locator``.</doc>
<status status="PASS" start="2025-03-26T11:40:11.348902" elapsed="0.601647"/>
</kw>
<arg>${password}</arg>
<status status="PASS" start="2025-03-26T11:40:11.346133" elapsed="0.605316"/>
</kw>
<kw name="Cliquer Sur Le Bouton Login" owner="LoginPage">
<kw name="Click Button" owner="SeleniumLibrary">
<msg time="2025-03-26T11:40:11.957464" level="INFO">Clicking button 'id:login-button'.</msg>
<arg>${loginButtonElement}</arg>
<doc>Clicks the button identified by ``locator``.</doc>
<status status="PASS" start="2025-03-26T11:40:11.955030" elapsed="0.857839"/>
</kw>
<status status="PASS" start="2025-03-26T11:40:11.952849" elapsed="0.860983"/>
</kw>
<if>
<branch type="IF" condition="&quot;${resultat}&quot;== &quot;ok&quot;">
<kw name="Get Page Title" owner="LoginPage">
<kw name="Get Text" owner="SeleniumLibrary">
<msg time="2025-03-26T11:40:13.021005" level="INFO">${res} = Products</msg>
<var>${res}</var>
<arg>${pageTitleElement}</arg>
<doc>Returns the text value of the element identified by ``locator``.</doc>
<status status="PASS" start="2025-03-26T11:40:12.821337" elapsed="0.200072"/>
</kw>
<return>
<value>${res}</value>
<status status="PASS" start="2025-03-26T11:40:13.022057" elapsed="0.000408"/>
</return>
<msg time="2025-03-26T11:40:13.023855" level="INFO">${text} = Products</msg>
<var>${text}</var>
<status status="PASS" start="2025-03-26T11:40:12.818262" elapsed="0.205863"/>
</kw>
<kw name="Should Be Equal As Strings" owner="BuiltIn">
<arg>${text}</arg>
<arg>Products</arg>
<doc>Fails if objects are unequal after converting them to strings.</doc>
<status status="PASS" start="2025-03-26T11:40:13.025188" elapsed="0.001533"/>
</kw>
<status status="PASS" start="2025-03-26T11:40:12.815234" elapsed="0.211972"/>
</branch>
<branch type="ELSE">
<kw name="Get Error Message" owner="LoginPage">
<var>${res}</var>
<status status="NOT RUN" start="2025-03-26T11:40:13.029644" elapsed="0.000451"/>
</kw>
<kw name="Element Should Be Visible" owner="SeleniumLibrary">
<arg>${res}</arg>
<doc>Verifies that the element identified by ``locator`` is visible.</doc>
<status status="NOT RUN" start="2025-03-26T11:40:13.031545" elapsed="0.000287"/>
</kw>
<status status="NOT RUN" start="2025-03-26T11:40:13.027900" elapsed="0.004279"/>
</branch>
<status status="PASS" start="2025-03-26T11:40:12.814659" elapsed="0.217843"/>
</if>
<arg>${username}</arg>
<arg>${password}</arg>
<arg>${resultat}</arg>
<status status="PASS" start="2025-03-26T11:40:10.212164" elapsed="2.820819"/>
</kw>
<arg>username=standard_user</arg>
<arg>password=secret_sauce</arg>
<arg>resultat=ok</arg>
<status status="PASS" start="2025-03-26T11:40:10.206262" elapsed="2.827349"/>
</kw>
<kw name="Close All Browsers" owner="SeleniumLibrary" type="TEARDOWN">
<doc>Closes all open browsers and resets the browser cache.</doc>
<status status="PASS" start="2025-03-26T11:40:13.035508" elapsed="0.185078"/>
</kw>
<status status="PASS" start="2025-03-26T11:40:06.374928" elapsed="6.846562"/>
</test>
<test id="s1-t2" name="Case 2" line="15">
<kw name="Open Browser" owner="SeleniumLibrary" type="SETUP">
<msg time="2025-03-26T11:40:13.235379" level="INFO">Opening browser 'chrome' to base url 'https://www.saucedemo.com/' through remote server at 'http://192.168.1.28:4444/wd/hub'.</msg>
<arg>${url}</arg>
<arg>${browser}</arg>
<arg>remote_url=http://192.168.1.28:4444/wd/hub</arg>
<doc>Opens a new browser instance to the optional ``url``.</doc>
<status status="PASS" start="2025-03-26T11:40:13.232392" elapsed="4.118260"/>
</kw>
<kw name="affichage">
<kw name="Login Avec Username Et Password" owner="test_temp">
<kw name="Saisir Username" owner="LoginPage">
<kw name="Input Text" owner="SeleniumLibrary">
<msg time="2025-03-26T11:40:17.366245" level="INFO">Typing text 'Sstandar' into text field 'id:user-name'.</msg>
<arg>${usernameElement}</arg>
<arg>${username}</arg>
<doc>Types the given ``text`` into the text field identified by ``locator``.</doc>
<status status="PASS" start="2025-03-26T11:40:17.363704" elapsed="0.862308"/>
</kw>
<arg>${username}</arg>
<status status="PASS" start="2025-03-26T11:40:17.360472" elapsed="0.866263"/>
</kw>
<kw name="Saisir Password" owner="LoginPage">
<kw name="Input Password" owner="SeleniumLibrary">
<msg time="2025-03-26T11:40:18.231872" level="INFO">Typing password into text field 'id:password'.</msg>
<msg time="2025-03-26T11:40:18.536938" level="INFO">Temporally setting log level to: NONE</msg>
<arg>${passwordElement}</arg>
<arg>${password}</arg>
<doc>Types the given password into the text field identified by ``locator``.</doc>
<status status="PASS" start="2025-03-26T11:40:18.230377" elapsed="0.632593"/>
</kw>
<arg>${password}</arg>
<status status="PASS" start="2025-03-26T11:40:18.228010" elapsed="0.635674"/>
</kw>
<kw name="Cliquer Sur Le Bouton Login" owner="LoginPage">
<kw name="Click Button" owner="SeleniumLibrary">
<msg time="2025-03-26T11:40:18.867920" level="INFO">Clicking button 'id:login-button'.</msg>
<arg>${loginButtonElement}</arg>
<doc>Clicks the button identified by ``locator``.</doc>
<status status="PASS" start="2025-03-26T11:40:18.866583" elapsed="0.622766"/>
</kw>
<status status="PASS" start="2025-03-26T11:40:18.864756" elapsed="0.625629"/>
</kw>
<if>
<branch type="IF" condition="&quot;${resultat}&quot;== &quot;ok&quot;">
<kw name="Get Page Title" owner="LoginPage">
<var>${text}</var>
<status status="NOT RUN" start="2025-03-26T11:40:19.494044" elapsed="0.000343"/>
</kw>
<kw name="Should Be Equal As Strings" owner="BuiltIn">
<arg>${text}</arg>
<arg>Products</arg>
<doc>Fails if objects are unequal after converting them to strings.</doc>
<status status="NOT RUN" start="2025-03-26T11:40:19.495269" elapsed="0.000253"/>
</kw>
<status status="NOT RUN" start="2025-03-26T11:40:19.491389" elapsed="0.004483"/>
</branch>
<branch type="ELSE">
<kw name="Get Error Message" owner="LoginPage">
<return>
<value>${errorElement}</value>
<status status="PASS" start="2025-03-26T11:40:19.498950" elapsed="0.000557"/>
</return>
<msg time="2025-03-26T11:40:19.500593" level="INFO">${res} = css:.error-button</msg>
<var>${res}</var>
<status status="PASS" start="2025-03-26T11:40:19.497433" elapsed="0.003418"/>
</kw>
<kw name="Element Should Be Visible" owner="SeleniumLibrary">
<msg time="2025-03-26T11:40:19.672378" level="INFO">Element 'css:.error-button' is displayed.</msg>
<arg>${res}</arg>
<doc>Verifies that the element identified by ``locator`` is visible.</doc>
<status status="PASS" start="2025-03-26T11:40:19.501796" elapsed="0.171143"/>
</kw>
<status status="PASS" start="2025-03-26T11:40:19.496242" elapsed="0.177516"/>
</branch>
<status status="PASS" start="2025-03-26T11:40:19.491092" elapsed="0.183015"/>
</if>
<arg>${username}</arg>
<arg>${password}</arg>
<arg>${resultat}</arg>
<status status="PASS" start="2025-03-26T11:40:17.356082" elapsed="2.318472"/>
</kw>
<arg>username=Sstandar</arg>
<arg>password=secret_sauce</arg>
<arg>resultat=ko</arg>
<status status="PASS" start="2025-03-26T11:40:17.352659" elapsed="2.322463"/>
</kw>
<kw name="Close All Browsers" owner="SeleniumLibrary" type="TEARDOWN">
<doc>Closes all open browsers and resets the browser cache.</doc>
<status status="PASS" start="2025-03-26T11:40:19.676905" elapsed="0.183116"/>
</kw>
<status status="PASS" start="2025-03-26T11:40:13.223360" elapsed="6.637419"/>
</test>
<test id="s1-t3" name="Case 3" line="15">
<kw name="Open Browser" owner="SeleniumLibrary" type="SETUP">
<msg time="2025-03-26T11:40:19.872275" level="INFO">Opening browser 'chrome' to base url 'https://www.saucedemo.com/' through remote server at 'http://192.168.1.28:4444/wd/hub'.</msg>
<arg>${url}</arg>
<arg>${browser}</arg>
<arg>remote_url=http://192.168.1.28:4444/wd/hub</arg>
<doc>Opens a new browser instance to the optional ``url``.</doc>
<status status="PASS" start="2025-03-26T11:40:19.870395" elapsed="4.270210"/>
</kw>
<kw name="affichage">
<kw name="Login Avec Username Et Password" owner="test_temp">
<kw name="Saisir Username" owner="LoginPage">
<kw name="Input Text" owner="SeleniumLibrary">
<msg time="2025-03-26T11:40:24.157686" level="INFO">Typing text 'standard_user' into text field 'id:user-name'.</msg>
<arg>${usernameElement}</arg>
<arg>${username}</arg>
<doc>Types the given ``text`` into the text field identified by ``locator``.</doc>
<status status="PASS" start="2025-03-26T11:40:24.155394" elapsed="0.930644"/>
</kw>
<arg>${username}</arg>
<status status="PASS" start="2025-03-26T11:40:24.151950" elapsed="0.934880"/>
</kw>
<kw name="Saisir Password" owner="LoginPage">
<kw name="Input Password" owner="SeleniumLibrary">
<msg time="2025-03-26T11:40:25.091616" level="INFO">Typing password into text field 'id:password'.</msg>
<msg time="2025-03-26T11:40:25.371944" level="INFO">Temporally setting log level to: NONE</msg>
<arg>${passwordElement}</arg>
<arg>${password}</arg>
<doc>Types the given password into the text field identified by ``locator``.</doc>
<status status="PASS" start="2025-03-26T11:40:25.090156" elapsed="0.574867"/>
</kw>
<arg>${password}</arg>
<status status="PASS" start="2025-03-26T11:40:25.087888" elapsed="0.578027"/>
</kw>
<kw name="Cliquer Sur Le Bouton Login" owner="LoginPage">
<kw name="Click Button" owner="SeleniumLibrary">
<msg time="2025-03-26T11:40:25.670397" level="INFO">Clicking button 'id:login-button'.</msg>
<arg>${loginButtonElement}</arg>
<doc>Clicks the button identified by ``locator``.</doc>
<status status="PASS" start="2025-03-26T11:40:25.669015" elapsed="0.631884"/>
</kw>
<status status="PASS" start="2025-03-26T11:40:25.667045" elapsed="0.634968"/>
</kw>
<if>
<branch type="IF" condition="&quot;${resultat}&quot;== &quot;ok&quot;">
<kw name="Get Page Title" owner="LoginPage">
<var>${text}</var>
<status status="NOT RUN" start="2025-03-26T11:40:26.305694" elapsed="0.000438"/>
</kw>
<kw name="Should Be Equal As Strings" owner="BuiltIn">
<arg>${text}</arg>
<arg>Products</arg>
<doc>Fails if objects are unequal after converting them to strings.</doc>
<status status="NOT RUN" start="2025-03-26T11:40:26.307387" elapsed="0.000371"/>
</kw>
<status status="NOT RUN" start="2025-03-26T11:40:26.303026" elapsed="0.005268"/>
</branch>
<branch type="ELSE">
<kw name="Get Error Message" owner="LoginPage">
<return>
<value>${errorElement}</value>
<status status="PASS" start="2025-03-26T11:40:26.312288" elapsed="0.000488"/>
</return>
<msg time="2025-03-26T11:40:26.314336" level="INFO">${res} = css:.error-button</msg>
<var>${res}</var>
<status status="PASS" start="2025-03-26T11:40:26.310274" elapsed="0.004431"/>
</kw>
<kw name="Element Should Be Visible" owner="SeleniumLibrary">
<msg time="2025-03-26T11:40:26.496781" level="INFO">Element 'css:.error-button' is displayed.</msg>
<arg>${res}</arg>
<doc>Verifies that the element identified by ``locator`` is visible.</doc>
<status status="PASS" start="2025-03-26T11:40:26.315941" elapsed="0.181522"/>
</kw>
<status status="PASS" start="2025-03-26T11:40:26.308796" elapsed="0.189118"/>
</branch>
<status status="PASS" start="2025-03-26T11:40:26.302734" elapsed="0.195507"/>
</if>
<arg>${username}</arg>
<arg>${password}</arg>
<arg>${resultat}</arg>
<status status="PASS" start="2025-03-26T11:40:24.147597" elapsed="2.351070"/>
</kw>
<arg>username=standard_user</arg>
<arg>password=secret</arg>
<arg>resultat=ko</arg>
<status status="PASS" start="2025-03-26T11:40:24.142835" elapsed="2.356359"/>
</kw>
<kw name="Close All Browsers" owner="SeleniumLibrary" type="TEARDOWN">
<doc>Closes all open browsers and resets the browser cache.</doc>
<status status="PASS" start="2025-03-26T11:40:26.500870" elapsed="0.174148"/>
</kw>
<status status="PASS" start="2025-03-26T11:40:19.862666" elapsed="6.813319"/>
</test>
<doc>importer la lib selenium</doc>
<status status="PASS" start="2025-03-26T11:40:05.093281" elapsed="21.586302"/>
</suite>
<statistics>
<total>
<stat pass="3" fail="0" skip="0">All Tests</stat>
</total>
<tag>
</tag>
<suite>
<stat name="Test Temp" id="s1" pass="3" fail="0" skip="0">Test Temp</stat>
</suite>
</statistics>
<errors>
</errors>
</robot>
